[    .00000 Linux vrsin 415.0-74-generic (buildd@lcy01-amd64-022) (gcc version 7.4.0 (Ubuntu 7.4.0-1ubuntu1~18.04.1)) #84-Ubuntu SMP Thu Dec 19 08:06:28 UTC 2019 (Ubuntu 4.15.0-74.84-geeric 4.15.8)
[    0.000000] Command line: BOOT_IMAGE=/boot/vmlinuz-4.15.0-74-generic root=LABEL=cloudimg-rootfs ro console=tty1 console=ttyS0
[    0.000000] KERNEL supported cpus:
[    0.000000]   Intel GenuineIntel
[    0.000000]   AMD AuthenticAMD
[    0.000000]   Centaur CentaurHauls
[    0.000000] x86/fpu: Supporting XSAVE feature 0x001: 'x87 floating point registers'
[   0.00000] x86/fpu: Supporting XSAVE featue 0002: SSE egistrs'
[    0.0000] x86/pu: Sppotin XSVE featre x00: 'AVX registers'
[   0.000000] x86/fpu: xstate_offset[2]:  576, xstate_sizes[2]:  256
[    0.000000] x86/fpu: Enabled xstate features 0x7, context size is 832 bytes, sing 'tandard' format.
[    000000] e820: BIOS-provided physical RAM map:
[    0.000000] BIOS-e820: [mem 0x0000000000000000-0x000000000009fbff] usable
[   0.00000] BIOS-e820: [mem 0x000000000009fc00-0x000000000009ffff] reserved
[   0.0000] BIOS-e820: [mem 0x00000000000f0000-0x00000000000fffff] reserved
[   0.00000] IOSe82: [me 0x0000000000100000-0x000000003ffeffff] usable
[   0.000000] BIOS-e820: [mem 0x000000003fff0000-0x000000003fffffff] ACPI data
[    0.000000] BIOS-e820: [mem 0x00000000fec00000-0x00000000fec00fff] reserved
[    0.000000] BIOS-e820: [mem 0x00000000fee00000-0x00000000fee00fff] reserved
[    0.000000] BIOS-e820: [mem 0x00000000fffc0000-0x00000000ffffffff] reserved
[    0.000000] NX (Execue Dsable) protection: active
[    0.000000] SMBIOS 2.5 present.
[    0.000000] DMI: innotek GmbH VirtualBox/VirtualBox, BIOS VirtualBox 12/01/2006
[    0.000000] Hypervisor detected: KVM
[    0.000000] e820: last_pfn = 0x3fff0 max_arch_pfn = 0x400000000
[    0.000000] MTRR: Disabled
[    0.000000] x86/PAT: MTRRs disabled, skipping PAT initialization too.
[    0.000000] CPU MTRRs all blank - virtualized system.
[    0.000000] x86/PAT: Configuration [0-7]: WB  WT  UC- UC  WB  WT  UC- UC  
[    0.000000] found SMP MP-table at [mem 0x0009fff0-0x0009ffff]
[    0.000000] Scanning 1 areas for low memory corruption
[    0.000000] RAMDISK: [mem 0x35a71000-0x36d2ffff]
[    0.000000] ACPI: Early table checksum verification disabled
[    0.000000] ACPI: RSDP 0x00000000000E0000 000024 (v02 VBOX  )
[    0.000000] ACPI: XSDT 0x000000003FFF0030 00003C (v01 VBOX   VBOXXSDT 00000001 ASL  00000061)
[    0.000000] ACPI: FACP 0x000000003FFF00F0 0000F4 (v04 VBOX   VBOXFACP 00000001 ASL  00000061)
[    0.000000] ACPI: DSDT 0x000000003FFF0470 0021FF (v02 VBOX   VBOXBIOS 00000002 INTL 20100528)
[    0.000000] ACPI: FACS 0x000000003FFF0200 000040
[    0.000000] ACPI: FACS 0000000003FFF0200 000040
[    0.000000] ACPI: APIC 0x000000003FFF0240 00005C (v02 VBOX   VBOXAPIC 00000001 ASL  00000061)
[    0.000000] ACPI: SSDT 0x000000003FFF02A0 0001CC (v01 VBOX   VBOXCPUT 00000002 INTL 20100528)
[    0.000000 No NUMA configuration found
[    0.000000] Faking a node at [mem 0x0000000000000000-0x000000003ffeffff]
[    0.000000] NODE_DATA(0) allocated [mem 0x3ffc5000-0x3ffeffff]
[    0.000000] kvm-clock: cpu 0, msr 0:3ff44001, primary cpu clock
[    0.000000] kvm-clock: Using msrs 4b564d01 and 4b564d00
[    0.000000] kvm-clock: using sched offset of 5273685436 cycles
[    0.000000] clocksource: kvm-clock: mask: 0xffffffffffffffff max_cycles: 0x1cd42e4dffb, max_idle_ns: 881590591483 ns
[    0.000000] Zone ranges:
[    0.000000]   DMA      [mem 0x0000000000001000-0x0000000000ffffff]
[    0.000000]   DMA32    [mem 0x0000000001000000-0x000000003ffeffff]
[    0.00000]   Normal  empty
    0.000000  Device  empty
[    0.000000] Movabe zone sart for each node
[   0.000000] Early memory node ranges
[    0.000000]   node   0: [mem 0x0000000000001000-0x000000000009efff]
[    0.000000]   node   0: [mem 0x0000000000100000-0x000000003ffeffff]
[    0.000000] Reserved but unavailable: 98 pages
[    0.000000] Initmem setup node 0 [mem 0x0000000000001000-0x000000003ffeffff]
[    0.000000] ACPI: PM-Timer IO Port: 0x4008
[    0.000000] IOAPIC[0]: apic_id 2, version 32, address 0xfec00000, GSI 0-23
[    0.000000] ACPI: INT_SRC_OVR (bus 0 bus_irq 0 global_irq 2 dfl dfl)
[    0.000000] ACPI: INT_SRC_OVR (bus 0 bus_irq 9 global_irq 9 low level)
[    0.000000] Using ACPI (MADT) for SMP configuration information
[    0.000000] smpboot: Allowing 2 CPUs, 0 hotplug CPUs
[    0.000000] PM: Regisered nosve memory: [mem 0x00000000-0x00000fff
[    0.000000] PM: Registered nosave memory: [mem 0x0009f000-0x0009ffff]
[   0.00000] PM: Registered nosave memory: [mem 0x000a0000-0x000effff]
[    0.000000] PM: Registered nosave memory: [mem 0x000f0000-0x000fffff]
[    0.000000] e820: [mem 0x40000000-0xfebfffff] available for PCI devices
[    0.000000] Booting paravirtualized kernel on KVM
[    0.000000] clocksource: refined-jiffies: mask: 0xffffffff max_cycles: 0xffffffff, max_idle_ns: 7645519600211568 ns
[    0.000000] random: get_random_bytes called from start_kernel+0x99/0x4fd with crng_init=0
[    0.000000] setup_percpu: NR_CPUS:8192 nr_cpumask_bits:2 nr_cpu_ids:2 nr_node_ids:1
[    0.000000] percpu: Embedded 45 pages/cpu s147456 r8192 d28672 u1048576
[    0.000000] PV qspinlock hash table entries: 256 (order: 0, 4096 bytes)
[    0.000000] Built 1 zonelists, mobility grouping on.  Total pages: 257913
[    0.000000] Policy zone: DMA32
[    0.000000] Kernel command line: BOOT_IMAGE=/boot/vmlinuz-4.15.0-74-generic root=LABEL=cloudimg-rootfs ro console=tty1 console=ttyS0
[    0.000000] Memory: 983084K/1048120K available (12300K kernel code, 2481K rwdata, 4260K rodata, 2428K init, 2704K bss, 65036K reserved, 0K cma-reserved)
[    0.000000] SLUB: HWalign=64, Order=0-3, MinObjects=0, CPUs=2, Nodes=1
[    0.000000] Kernel/User page tables isolation: enabled
[    0.000000] ftrace: allocating 39322 entries in 154 pages
[    0.004000] Hierarchical RCU implementation.
[    0.004000] 	RCU restricting CPUs from NR_CPUS=8192 to nr_cpu_ids=2.
[    0.004000] 	Tasks RCU enabled.
[    0.004000] RCU: Adjusting geometry for rcu_fanout_leaf=16, nr_cpu_ids=2
[    0.004000] NR_IRQS: 524544, nr_irqs: 440, preallocated irqs: 16
[    0.004000] Console: colour VGA+ 80x25
[    0.004000] console [tty1] enabled
[    0.004000] console [ttyS0] enabled
[    0.004000] ACPI: Core revision 20170831
[    0.004000] ACPI: 2 ACPI AML tables successfully acquired and loaded
[    0.004000] APIC: Switch to symmetric I/O mode setup
[    0.004000] x2apic enabled
[    0.004000] Switched APIC routing to physical x2apic.
[    0.006656] ..TIMER: vector=0x30 apic1=0 pin1=2 apic2=-1 pin2=-1
[    0.008009] tsc: Detected 2400.002 MHz processor
[    0.012019] Calibrating delay loop (skipped) preset value.. 4800.00 BogoMIPS (lpj=9600008)
[    0.015059] pid_max: default: 32768 minimum: 301
[    0.016057] Security Framework initialized
[    0.017798] Yama: becoming mindful.
[    0.020033] AppArmor: AppArmor initialized
[    0.024000] Dentry cache hash table entries: 131072 (order: 8, 1048576 bytes)
[    0.024095] Inode-cache hash table entries: 65536 (order: 7, 524288 bytes)
[    0.028023] Mount-cache hash table entries: 2048 (order: 2, 16384 bytes)
[    0.030683] Mountpoint-cache hash table entries: 2048 (order: 2, 16384 bytes)
[    0.032481] Last level iTLB entries: 4KB 64, 2MB 8, 4MB 8
[    0.036005] Last level dTLB entries: 4KB 64, 2MB 0, 4MB 0, 1GB 4
[    0.037926] Spectre V1 : Mitigation: usercopy/swapgs barriers and __user pointer sanitization
[    0.040005] Spectre V2 : Mitigation: Full generic retpoline
[    0.041825] Spectre V2 : Spectre v2 / SpectreRSB mitigation: Filling RSB on context switch
[    0.044004] Speculative Store Bypass: Vulnerable
[    0.045836] MDS: Vulnerable: Clear CPU buffers attempted, no microcode
[    0.048278] Freeing SMP alternatives memory: 36K
[    0.161876] smpboot: CPU0: Intel(R) Core(TM) i3-7100U CPU @ 2.40GHz (family: 0x6, model: 0x8e, stepping: 0x9)
[    0.164000] Performance Events: unsupported p6 CPU model 142 no PMU driver, software events only.
[    0.164051] Hierarchical SRCU implementation.
[    0.168777] NMI watchdog: Perf event create on CPU 0 failed with -2
[    0.170974] NMI watchdog: Perf NMI watchdog permanently disabled
[    0.172101] smp: Bringing up secondary CPUs ...
[    0.176173] x86: Booting SMP configuration:
[    0.180008] .... node  #0, CPUs:      #1
[    0.004000] kvm-clock: cpu 1, msr 0:3ff44041, secondary cpu clock
[    0.186281] smp: Brought up 1 node, 2 CPUs
[    0.186281] smpboot: Max logical packages: 1
[    0.188015] smpboot: Total of 2 processors activated (9600.00 BogoMIPS)
[    0.192112] devtmpfs: initialized
[    0.195328] x86/mm: Memory block size: 128MB
[    0.196392] evm: security.selinux
[    0.197858] evm: security.SMACK64
[    0.200010] evm: security.SMACK64EXEC
[    0.201399] evm: security.SMACK64TRANSMUTE
[    0.204015] evm: security.SMACK64MMAP
[    0.208004] evm: security.apparmor
[    0.209525] evm: security.ima
[    0.210915] evm: security.capability
[    0.212141] clocksource: jiffies: mask: 0xffffffff max_cycles: 0xffffffff, max_idle_ns: 7645041785100000 ns
[    0.216036] futex hash table entries: 512 (order: 3, 32768 bytes)
[    0.224035] pinctrl core: initialized pinctrl subsystem
[    0.228258] RTC time: 22:04:02, date: 01/22/20
[    0.230487] NET: Registered protocol family 16
[    0.232124] audit: initializing netlink subsys (disabled)
[    0.234433] audit: type=2000 audit(1579730645.698:1): state=initialized audit_enabled=0 res=1
[    0.236135] cpuidle: using governor ladder
[    0.237760] cpuidle: using governor menu
[    0.240096] ACPI: bus type PCI registered
[    0.244009] acpiphp: ACPI Hot Plug PCI Controller Driver version: 0.5
[    0.246790] PCI: Using configuration type 1 for base access
[    0.252073] HugeTLB registered 2.00 MiB page size, pre-allocated 0 pages
[    0.256179] ACPI: Added _OSI(Module Device)
[    0.258045] ACPI: Added _OSI(Processor Device)
[    0.260024] ACPI: Added _OSI(3.0 _SCP Extensions)
[    0.264020] ACPI: Added _OSI(Processor Aggregator Device)
[    0.268012] ACPI: Added _OSI(Linux-Dell-Video)
[    0.270572] ACPI: Added _OSI(Linux-Lenovo-NV-HDMI-Audio)
[    0.272009] ACPI: Added _OSI(Linux-HPI-Hybrid-Graphics)
[    0.276593] ACPI: Executed 1 blocks of module-level executable AML code
[    0.287005] ACPI: Interpreter enabled
[    0.288021] ACPI: (supports S0 S5)
[    0.289441] ACPI: Using IOAPIC for interrupt routing
[    0.292463] PCI: Using host bridge windows from ACPI; if necessary, use "pci=nocrs" and report a bug
[    0.296273] ACPI: Enabled 2 GPEs in block 00 to 07
[    0.310713] ACPI: PCI Root Bridge [PCI0] (domain 0000 [bus 00-ff])
[    0.312013] acpi PNP0A03:00: _OSC: OS supports [ASPM ClockPM Segments MSI]
[    0.314311] acpi PNP0A03:00: _OSC: not requesting OS control; OS requires [ExtendedConfig ASPM ClockPM MSI]
[    0.316036] acpi PNP0A03:00: fail to add MMCONFIG information, can't access extended PCI configuration space under this bridge.
[    0.320612] PCI host bridge to bus 0000:00
[    0.324012] pci_bus 0000:00: root bus resource [io  0x0000-0x0cf7 window]
[    0.326396] pci_bus 0000:00: root bus resource [io  0x0d00-0xffff window]
[    0.328013] pci_bus 0000:00: root bus resource [mem 0x000a0000-0x000bffff window]
[    0.332015] pci_bus 0000:00: root bus resource [mem 0x40000000-0xfdffffff window]
[    0.336015] pci_bus 0000:00: root bus resource [bus 00-ff]
[    0.341896] pci 0000:00:01.1: legacy IDE quirk: reg 0x10: [io  0x01f0-0x01f7]
[    0.344000] pci 0000:00:01.1: legacy IDE quirk: reg 0x14: [io  0x03f6]
[    0.344007] pci 0000:00:01.1: legacy IDE quirk: reg 0x18: [io  0x0170-0x0177]
[    0.348009] pci 0000:00:01.1: legacy IDE quirk: reg 0x1c: [io  0x0376]
[    0.378784] pci 0000:00:07.0: quirk: [io  0x4000-0x403f] claimed by PIIX4 ACPI
[    0.380030] pci 0000:00:07.0: quirk: [io  0x4100-0x410f] claimed by PIIX4 SMB
[    0.392759] ACPI: PCI Interrupt Link [LNKA] (IRQs 5 9 10 *11)
[    0.396160] ACPI: PCI Interrupt Link [LNKB] (IRQs 5 9 *10 11)
[    0.398734] ACPI: PCI Interrupt Link [LNKC] (IRQs 5 *9 10 11)
[    0.400206] ACPI: PCI Interrupt Link [LNKD] (IRQs 5 9 10 *11)
[    0.404543] SCSI subsystem initialized
[    0.406259] pci 0000:00:02.0: vgaarb: setting as boot VGA device
[    0.406691] pci 0000:00:02.0: vgaarb: VGA device added: decodes=io+mem,owns=io+mem,locks=none
[    0.408009] pci 0000:00:02.0: vgaarb: bridge control possible
[    0.410418] vgaarb: loaded
[    0.412066] ACPI: bus type USB registered
[    0.413850] usbcore: registered new interface driver usbfs
[    0.416050] usbcore: registered new interface driver hub
[    0.418277] usbcore: registered new device driver usb
[    0.420103] EDAC MC: Ver: 3.0.0
[    0.424316] PCI: Using ACPI for IRQ routing
[    0.428187] NetLabel: Initializing
[    0.431604] NetLabel:  domain hash size = 128
[    0.432007] NetLabel:  protocols = UNLABELED CIPSOv4 CALIPSO
[    0.434116] NetLabel:  unlabeled traffic allowed by default
[    0.436150] clocksource: Switched to clocksource kvm-clock
[    0.473291] VFS: Disk quotas dquot_6.6.0
[    0.474978] VFS: Dquot-cache hash table entries: 512 (order 0, 4096 bytes)
[    0.478053] AppArmor: AppArmor Filesystem Enabled
[    0.480237] pnp: PnP ACPI init
[  0.483884] pnp: PnP ACPI: found 3 devices

[    0.571694] clocksource: acpi_pm: mask: 0xffffff max_cycles: 0xffffff, max_idle_ns: 2085701024 ns
[    0.574938] NET: Registered protocol family 2
[    0.576887] TCP established hash table entries: 8192 (order: 4, 65536 bytes)
[    0.579288] TCP bind hash table entries: 8192 (order: 5, 131072 bytes)
[    0.585528] TCP: Hash tables onfigured (established 8192 bind 8192)
[    0.627978] UDP hash table entries: 512 (order: 2, 16384 bytes)
[    0.630483] UDP-Lite hash table entries: 512 (order: 2, 16384 bytes)
[    0.633145] NET: Registered protocol family 1
[    0.635012] pci 0000:00:00.0: Limiting direct PCI/PCI transfers
[    0.637707] pci 0000:00:01.0: Activating ISA DMA hang workarounds
[    0.639775] pci 0000:00:02.0: Video device with shadowed ROM at [mem 0x000c0000-0x000dffff]
[    0.642894] Unpacking initramfs...
[    1.169780] Freeing initrd memory: 19196K
[    1.178153] clocksource: tsc: mask: 0xffffffffffffffff max_cycles: 0x22983938a92, max_idle_ns: 440795216168 ns
[    1.189283] platform rtc_cmos: registered platform RTC device (no PNP device found)
[    1.194411] Scanning for low memory corruption every 60 seconds
[    1.198607] Initialise system trusted keyrings
[    1.200816] Key type blacklist registered
[    1.202780] workingset: timestamp_bits=36 max_order=18 bucket_order=0
[    1.207205] zbud: loaded
[    1.216173] squashfs: version 4.0 (2009/01/31) Phillip Lougher
[    1.234349] fuse init (API version 7.26)
[    1.246951] Key type asymmetric registered
[    1.248779] Asymmetric key parser 'x509' registered
[    1.250938] Block layer SCSI generic (bsg) driver version 0.4 loaded (major 246)
[    1.254143] io scheduler noop registered
[    1.255782] io scheduler deadline registered
[    1.264347] io scheduler cfq registered (default)
[    1.266734] ACPI: AC Adapter [AC] (on-line)
[    1.269793] input: Power Button as /devices/LNXSYSTM:00/LNXPWRBN:00/input/input0
[    1.273516] ACPI: Power Button [PWRF]
[    1.275560] input: Sleep Button as /devices/LNXSYSTM:00/LNXSLPBN:00/input/input1
[    1.278884] ACPI: Sleep Button [SLPF]
[    1.283073] ACPI: Battery Slot [BAT0] (battery present)
[    1.285180] Serial: 8250/16550 driver, 32 ports, IRQ sharing enabled
[    1.312165] 00:02: ttyS0 at I/O 0x3f8 (irq = 4, base_baud = 115200) is a 16550A
[    1.323077] Linux agpgart interface v0.103
[    1.327962] loop: module loaded
[    1.341751] scsi host0: ata_piix
[    1.343436] scsi host1: ata_piix
[    1.351084] ata1: PATA max UDMA/33 cmd 0x1f0 ctl 0x3f6 bmdma 0xd000 irq 14
[    1.359783] ata2: PATA max UDMA/33 cmd 0x170 ctl 0x376 bmdma 0xd008 irq 15
[    1.362672] libphy: Fixed MDIO Bus: probed
[    1.366001] tun: Universal TUN/TAP device driver, 1.6
[    1.368179] PPP generic driver version 2.4.2
[    1.370232] ehci_hcd: USB 2.0 'Enhanced' Host Controller (EHCI) Driver
[    1.372996] ehci-pci: EHCI PCI platform driver
[    1.395918] ehci-platform: EHCI generic platform driver
[    1.412913] ohci_hcd: USB 1.1 'Open' Host Controller (OHCI) Driver
[    1.415566] ohci-pci: OHCI PCI platform driver
[    1.417686] ohci-platform: OHCI generic platform driver
[    1.419906] uhci_hcd: USB Universal Host Controller Interface driver
[    1.422787] i8042: PNP: PS/2 Controller [PNP0303:PS2K,PNP0f03:PS2M] at 0x60,0x64 irq 1,12
[    1.427748] serio: i8042 KBD port at 0x60,0x64 irq 1
[    1.436043] serio: i8042 AUX port at 0x60,0x64 irq 12
[    1.445877] mousedev: PS/2 mouse device common for all mice
[    1.449513] input: AT Translated Set 2 keyboard as /devices/platform/i8042/serio0/input/input2
[    1.452887] rtc_cmos rtc_cmos: rtc core: registered rtc_cmos as rtc0
[    1.455613] rtc_cmos rtc_cmos: alarms up to one day, 114 bytes nvram
[    1.458107] i2c /dev entries driver
[    1.461196] device-mapper: uevent: version 1.0.3
[    1.463401] device-mapper: ioctl: 4.37.0-ioctl (2017-09-20) initialised: dm-devel@redhat.com
[    1.466481] ledtrig-cpu: registered to indicate activity on CPUs
[    1.469924] NET: Registered protocol family 10
[    1.478179] Segment Routing with IPv6
[    1.479507] NET: Registered protocol family 17
[    1.481660] Key type dns_resolver registered
[    1.483676] mce: Using 0 MCE banks
[    1.485292] RAS: Correctable Errors collector initialized.
[    1.487754] sched_clock: Marking stable (1485257723, 0)->(5575836145, -4090578422)
[    1.491934] registered taskstats version 1
[    1.495269] Loading compiled-in X.509 certificates
[    1.508460] Loaded X.509 cert 'Build time autogenerated kernel key: 62d24f9c726e026b112735485dad6e6e4b50c923'
[    1.512194] zswap: loaded using pool lzo/zbud
[    1.528237] Key type big_key registered
[    1.529793] Key type trusted registered
[    1.534597] Key type encrypted registered
[    1.536600] AppArmor: AppArmor sha1 policy hashing enabled
[    1.540997] ima: No TPM chip found, activating TPM-bypass! (rc=-19)
[    1.543307] ima: Allocated hash algorithm: sha1
[    1.549571] evm: HMAC attrs: 0x1
[    1.551464]   Magic number: 4:470:98
[    1.560671] rtc_cmos rtc_cmos: setting system clock to 2020-01-22 22:04:03 UTC (1579730643)
[    1.564701] BIOS EDD facility v0.16 2004-Jun-25, 0 devices found
[    1.567176] EDD information not available.
[    1.573396] Freeing unused kernel image memory: 2428K
[    1.588530] Write protecting the kernel read-only data: 20480k
[    1.591739] Freeing unused kernel image memory: 2008K
[    1.594651] Freeing unused kernel image memory: 1884K
[    1.611427] x86/mm: Checked W+X mappings: passed, no W+X pages found.
[    1.614067] x86/mm: Checking user space page tables
[    1.630710] x86/mm: Checked W+X mappings: passed, no W+X pages found.
Loading, please wait...
starting version 237
[    1.751416] e1000: Intel(R) PRO/1000 Network Driver - version 7.3.21-k8-NAPI
[    1.760206] e1000: Copyright (c) 1999-2006 Intel Corporation.
[    1.769152] Fusion MPT base driver 3.04.20
[    1.770731] Copyright (c) 1999-2008 LSI Corporation
[    1.783061] Fusion MPT SPI Host driver 3.04.20
[    1.794261] AVX2 version of gcm_enc/dec engaged.
[    1.814694] AES CTR mode by8 optimization enabled
[    1.979219] input: ImExPS/2 Generic Explorer Mouse as /devices/platform/i8042/serio1/input/input4
[    2.289301] e1000 0000:00:03.0 eth0: (PCI:33MHz:32-bit) 02:6d:68:ec:b8:1e
[    2.292223] e1000 0000:00:03.0 eth0: Intel(R) PRO/1000 Network Connection
[    2.633073] e1000 0000:00:03.0 enp0s3: renamed from eth0
[    2.635501] mptbase: ioc0: Initiating bringup
[    2.901720] ioc0: LSI53C1030 A0: Capabilities={Initiator}
[    3.699896] scsi host2: ioc0: LSI53C1030 A0, FwRev=00000000h, Ports=1, MaxQ=256, IRQ=20
[    3.967002] scsi 2:0:0:0: Direct-Access     VBOX     HARDDISK         1.0  PQ: 0 ANSI: 5
[    4.000328] scsi target2:0:0: Beginning Domain Validation
[    4.005971] scsi target2:0:0: Domain Validation skipping write tests
[    4.009998] scsi target2:0:0: Ending Domain Validation
[    4.012400] scsi target2:0:0: asynchronous
[    4.023295] scsi 2:0:1:0: Direct-Access     VBOX     HARDDISK         1.0  PQ: 0 ANSI: 5
[    4.060878] scsi target2:0:1: Beginning Domain Validation
[    4.080646] random: fast init done
[    4.083294] scsi target2:0:1: Domain Validation skipping write tests
[    4.085670] scsi target2:0:1: Ending Domain Validation
[    4.096594] scsi target2:0:1: asynchronous
[    4.106081] random: systemd-udevd: uninitialized urandom read (16 bytes read)
[    4.106160] sd 2:0:0:0: Attached scsi generic sg0 type 0
[    4.109361] random: systemd-udevd: uninitialized urandom read (16 bytes read)
[    4.111775] sd 2:0:1:0: Attached scsi generic sg1 type 0
[    4.114471] random: systemd-udevd: uninitialized urandom read (16 bytes read)
[    4.152391] sd 2:0:0:0: [sda] 20971520 512-byte logical blocks: (10.7 GB/10.0 GiB)
[    4.163346] sd 2:0:1:0: [sdb] 20480 512-byte logical blocks: (10.5 MB/10.0 MiB)
[    4.173622] sd 2:0:0:0: [sda] Write Protect is off
[    4.190517] sd 2:0:1:0: [sdb] Write Protect is off
[    4.190661] sd 2:0:0:0: [sda] Incomplete mode parameter data
[    4.199776] sd 2:0:0:0: [sda] Assuming drive cache: write through
[    4.209566] sd 2:0:1:0: [sdb] Incomplete mode parameter data
[    4.218700]  sda: sda1
[    4.229439] sd 2:0:1:0: [sdb] Assuming drive cache: write through
[    4.251904] sd 2:0:0:0: [sda] Attached SCSI disk
[    4.652288] sd 2:0:1:0: [sdb] Attached SCSI disk
Begin: Loading essential drivers ... [    6.656768] raid6: sse2x1   gen()  5599 MB/s
[    6.713346] raid6: sse2x1   xor()  5499 MB/s
[    6.760200] raid6: sse2x2   gen()  7689 MB/s
[    6.832426] raid6: sse2x2   xor()  6346 MB/s
[    6.900705] raid6: sse2x4   gen() 11168 MB/s
[    6.956415] raid6: sse2x4   xor()  7097 MB/s
[    7.004197] raid6: avx2x1   gen() 12713 MB/s
[    7.104716] raid6: avx2x1   xor()  8867 MB/s
[    7.160354] raid6: avx2x2   gen() 13987 MB/s
[    7.252102] raid6: avx2x2   xor() 11753 MB/s
[    7.352629] raid6: avx2x4   gen() 19649 MB/s
[    7.408284] raid6: avx2x4   xor()  9034 MB/s
[    7.416813] raid6: using algorithm avx2x4 gen() 19649 MB/s
[    7.432486] raid6: .... xor() 9034 MB/s, rmw enabled
[    7.434410] raid6: using avx2x2 recovery algorithm
[    7.440859] xor: automatically using best checksumming function   avx       
[    7.445946] async_tx: api initialized (async)
done.
Begin: Running /scripts/init-premount ... done.
Begin: Mounting root file system ... Begin: Running /scripts/local-top ... done.
Begin: Running /scripts/local-premount ... [    7.517280] Btrfs loaded, crc32c=crc32c-intel
Scanning for Btrfs filesystems
done.
Warning: fsck not present, so skipping root file system
[    7.837266] EXT4-fs (sda1): mounted filesystem with ordered data mode. Opts: (null)
done.
Begin: Running /scripts/local-bottom ... done.
Begin: Running /scripts/init-bottom ... done.
[    9.335814] ip_tables: (C) 2000-2006 Netfilter Core Team
[    9.459045] systemd[1]: systemd 237 running in system mode. (+PAM +AUDIT +SELINUX +IMA +APPARMOR +SMACK +SYSVINIT +UTMP +LIBCRYPTSETUP +GCRYPT +GNUTLS +ACL +XZ +LZ4 +SECCOMP +BLKID +ELFUTILS +KMOD -IDN2 +IDN -PCRE2 default-hierarchy=hybrid)
[    9.467069] systemd[1]: Detected virtualization oracle.
[    9.475000] systemd[1]: Detected architecture x86-64.
[    9.484079] random: crng init done
[    9.499992] random: 7 urandom warning(s) missed due to ratelimiting

Welcome to [1mUbuntu 18.04.3 LTS[0m!

[    9.584862] systemd[1]: Set hostname to <ubuntu>.
[    9.730852] systemd[1]: Initializing machine ID from random generator.
[    9.823766] systemd[1]: Installed transient /etc/machine-id file.
[   11.349801] systemd[1]: Reached target Swap.
[[0;32m  OK  [0m] Reached target Swap.
[   11.420676] systemd[1]: Started Forward Password Requests to Wall Directory Watch.
[[0;32m  OK  [0m] Started Forward Password Requests to Wall Directory Watch.
[   11.458946] systemd[1]: Created slice User and Session Slice.
[[0;32m  OK  [0m] Created slice User and Session Slice.
[   11.516472] systemd[1]: Set up automount Arbitrary Executable File Formats File System Automount Point.
[[0;32m  OK  [0m] Set up automount Arbitrary Executab…rmats File System Automount Point.
[[0;32m  OK  [0m] Reached target User and Group Name Lookups.
[[0;32m  OK  [0m] Created slice System Slice.
[[0;32m  OK  [0m] Reached target Slices.
[[0;32m  OK  [0m] Listening on Journal Socket.
         Starting Uncomplicated firewall...
         Starting Create list of required st…ce nodes for the current kernel...
[[0;32m  OK  [0m] Listening on LVM2 poll daemon socket.
         Starting Set the console keyboard layout...
         Mounting Kernel Debug File System...
[[0;32m  OK  [0m] Listening on LVM2 metadata daemon socket.
[[0;32m  OK  [0m] Listening on Network Service Netlink Socket.
[[0;32m  OK  [0m] Listening on /dev/initctl Compatibility Named Pipe.
         Starting Load Kernel Modules...
[[0;32m  OK  [0m] Listening on Journal Socket (/dev/log).
         Starting Remount Root and Kernel File Systems...
[[0;32m  OK  [0m] Listening on Device-mapper event daemon FIFOs.
         Mounting POSIX Message Queue File System...
[[0;32m  OK  [0m] Listening on udev Control Socket.
[[0;32m  OK  [0m] Created slice system-serial\x2dgetty.slice.
[[0;32m  OK  [0m] Listening on Journal Audit Socket.
         Starting Monitoring of LVM2 mirrors…ng dmeventd or progress polling...
[[0;32m  OK  [0m] Listening on udev Kernel Socket.
         Starting udev Coldplug all Devices...
[[0;32m  OK  [0m] Reached target System Time Synchronized.
[[0;32m  OK  [0m] Listening on Syslog Socket.
         Starting Journal Service...
         Mounting Huge Pages File System...
[[0;32m  OK  [0m] Started Uncomplicated firewall.
[[0;32m  OK  [0m] Started Create list of required sta…vice nodes for the current kernel.
[[0;32m  OK  [0m] Mounted Kernel Debug File System.
[[0;32m  OK  [0m] Mounted POSIX Message Queue File System.
[[0;32m  OK  [0m] Mounted Huge Pages File System.
         Starting Create Static Device Nodes in /dev...
[   11.995972] EXT4-fs (sda1): re-mounted. Opts: (null)
[[0;32m  OK  [0m] Started Remount Root and Kernel File Systems.[   12.033705] Loading iSCSI transport class v2.0-870.

         Starting Load/Save Random Seed...
[   12.617514] iscsi: registered transport (tcp)
[[0;32m  OK  [0m] Started Journal Service.
[[0;32m  OK  [0m] Started Load/Save Random Seed.
[[0;32m  OK  [0m] Started LVM2 metadata daemon.
         Starting Flush Journal to Persistent Storage...
[[0;32m  OK  [0m] Started udev Coldplug all Devices.
[   13.827639] systemd-journald[414]: Received request to flush runtime journal from PID 1
[[0;32m  OK  [0m] Started Create Static Device Nodes in /dev.
         Starting udev Kernel Device Manager...
[   14.407579] iscsi: registered transport (iser)
[[0;32m  OK  [0m] Started Load Kernel Modules.
[[0;32m  OK  [0m] Started Flush Journal to Persistent Storage.
         Mounting FUSE Control File System...
         Mounting Kernel Configuration File System...
         Starting Apply Kernel Variables...
[[0;32m  OK  [0m] Mounted FUSE Control File System.
[[0;32m  OK  [0m] Mounted Kernel Configuration File System.
[[0;32m  OK  [0m] Started Monitoring of LVM2 mirrors,…sing dmeventd or progress polling.
[[0;32m  OK  [0m] Started udev Kernel Device Manager.
[[0;32m  OK  [0m] Started Apply Kernel Variables.
[[0;32m  OK  [0m] Found device /dev/ttyS0.
[[0;32m  OK  [0m] Listening on Load/Save RF Kill Switch Status /dev/rfkill Watch.
[[0;32m  OK  [0m] Started Set the console keyboard layout.
[[0;32m  OK  [0m] Reached target Local File Systems (Pre).
[[0;32m  OK  [0m] Reached target Local File Systems.
         Starting Create Volatile Files and Directories...
         Starting ebtables ruleset management...
         Starting AppArmor initialization...
         Starting Set console font and keymap...
         Starting Tell Plymouth To Write Out Runtime Data...
         Starting Commit a transient machine-id on disk...
[[0;32m  OK  [0m] Started Dispatch Password Requests to Console Directory Watch.
[[0;32m  OK  [0m] Reached target Local Encrypted Volumes.
[[0;32m  OK  [0m] Started Create Volatile Files and Directories.
[[0;32m  OK  [0m] Started Set console font and keymap.
         Starting Update UTMP about System Boot/Shutdown...
[[0;32m  OK  [0m] Started Tell Plymouth To Write Out Runtime Data.
[[0;32m  OK  [0m] Started Update UTMP about System Boot/Shutdown.
[[0;32m  OK  [0m] Started Commit a transient machine-id on disk.
[[0;32m  OK  [0m] Started ebtables ruleset management.
[[0;32m  OK  [0m] Started AppArmor initialization.
         Starting Initial cloud-init job (pre-networking)...
[   26.699044] cloud-init[717]: Cloud-init v. 19.3-41-gc4735dd3-0ubuntu1~18.04.1 running 'init-local' at Wed, 22 Jan 2020 22:04:27 +0000. Up 25.32 seconds.
[[0;32m  OK  [0m] Started Initial cloud-init job (pre-networking).
[[0;32m  OK  [0m] Reached target Network (Pre).
         Starting Network Service...
[[0;32m  OK  [0m] Started Network Service.
         Starting Network Name Resolution...
         Starting Wait for Network to be Configured...
[[0;32m  OK  [0m] Started Network Name Resolution.
[[0;32m  OK  [0m] Reached target Host and Network Name Lookups.
[[0;32m  OK  [0m] Reached target Network.
[[0;32m  OK  [0m] Started Wait for Network to be Configured.
         Starting Initial cloud-init job (metadata service crawler)...
[   30.164911] cloud-init[840]: Cloud-init v. 19.3-41-gc4735dd3-0ubuntu1~18.04.1 running 'init' at Wed, 22 Jan 2020 22:04:31 +0000. Up 29.07 seconds.
[   30.172138] cloud-init[840]: ci-info: ++++++++++++++++++++++++++++++++++++++Net device info++++++++++++++++++++++++++++++++++++++
[   30.217345] cloud-init[840]: ci-info: +--------+------+----------------------------+---------------+--------+-------------------+
[   30.221698] cloud-init[840]: ci-info: | Device |  Up  |          Address           |      Mask     | Scope  |     Hw-Address    |
[   30.248374] cloud-init[840]: ci-info: +--------+------+----------------------------+---------------+--------+-------------------+
[   30.252417] cloud-init[840]: ci-info: | enp0s3 | True |         10.0.2.15          | 255.255.255.0 | global | 02:6d:68:ec:b8:1e |
[   30.256212] cloud-init[840]: ci-info: | enp0s3 | True | fe80::6d:68ff:feec:b81e/64 |       .       |  link  | 02:6d:68:ec:b8:1e |
[   30.272664] cloud-init[840]: ci-info: |   lo   | True |         127.0.0.1          |   255.0.0.0   |  host  |         .         |
[   30.276378] cloud-init[840]: ci-info: |   lo   | True |          ::1/128           |       .       |  host  |         .         |
[   30.291396] cloud-init[840]: ci-info: +--------+------+----------------------------+---------------+--------+-------------------+
[   30.323712] cloud-init[840]: ci-info: ++++++++++++++++++++++++++++Route IPv4 info+++++++++++++++++++++++++++++
[   30.326795] cloud-init[840]: ci-info: +-------+-------------+----------+-----------------+-----------+-------+
[   30.329757] cloud-init[840]: ci-info: | Route | Destination | Gateway  |     Genmask     | Interface | Flags |
[   30.332821] cloud-init[840]: ci-info: +-------+-------------+----------+-----------------+-----------+-------+
[   30.335979] cloud-init[840]: ci-info: |   0   |   0.0.0.0   | 10.0.2.2 |     0.0.0.0     |   enp0s3  |   UG  |
[   30.350270] cloud-init[840]: ci-info: |   1   |   10.0.2.0  | 0.0.0.0  |  255.255.255.0  |   enp0s3  |   U   |
[   30.355405] cloud-init[840]: ci-info: |   2   |   10.0.2.2  | 0.0.0.0  | 255.255.255.255 |   enp0s3  |   UH  |
[   30.358698] cloud-init[840]: ci-info: +-------+-------------+----------+-----------------+-----------+-------+
[   30.362239] cloud-init[840]: ci-info: +++++++++++++++++++Route IPv6 info+++++++++++++++++++
[   30.365127] cloud-init[840]: ci-info: +-------+-------------+---------+-----------+-------+
[   30.368038] cloud-init[840]: ci-info: | Route | Destination | Gateway | Interface | Flags |
[   30.370989] cloud-init[840]: ci-info: +-------+-------------+---------+-----------+-------+
[   30.373713] cloud-init[840]: ci-info: |   1   |  fe80::/64  |    ::   |   enp0s3  |   U   |
[   30.376582] cloud-init[840]: ci-info: |   3   |    local    |    ::   |   enp0s3  |   U   |
[   30.379371] cloud-init[840]: ci-info: |   4   |   ff00::/8  |    ::   |   enp0s3  |   U   |
[   30.382315] cloud-init[840]: ci-info: +-------+-------------+---------+-----------+-------+
[   35.163433] cloud-init[840]: Generating public/private rsa key pair.
[   35.165938] cloud-init[840]: Your identification has been saved in /etc/ssh/ssh_host_rsa_key.
[   35.168998] cloud-init[840]: Your public key has been saved in /etc/ssh/ssh_host_rsa_key.pub.
[   35.191532] cloud-init[840]: The key fingerprint is:
[   35.219968] cloud-init[840]: SHA256:dm2yErlVqQNvol/BlUk0AavuM5hOpSSzTMApfJQuQ58 root@ubuntu-bionic
[   35.222653] cloud-init[840]: The key's randomart image is:
[   35.242497] cloud-init[840]: +---[RSA 2048]----+
[   35.249457] cloud-init[840]: |   ..     .o=.   |
[   35.251231] cloud-init[840]: |.o.o       o =   |
[   35.258400] cloud-init[840]: |o.*..   . . *    |
[[0;32m  OK  [0m] Started Initial cloud-init job (metadata service crawler).
[   35.293351] [[0;32m  OK  [0m] Reached target Network is Online.
cloud-init[840]: | +.E     * =     |
[   35.330547] cloud-init[840]: |  o + . S @ o    |
[   35.333343] cloud-init[840]: |   o = * B *     |
[   35.335722] cloud-init[840]: [[0;32m  OK  [0m] Reached target Remote File Systems (Pre).
[[0;32m  OK  [0m] Reached target Remote File Systems.
|    o +o+ o      |
         Starting Availability of block devices...
[   35.357959] [[0;32m  OK  [0m] Reached target System Initialization.
[[0;32m  OK  [0m] Listening on Open-iSCSI iscsid Socket.
[[0;32m  OK  [0m] Started Discard unused blocks once a week.
[[0;32m  OK  [0m] Started Message of the Day.
[[0;32m  OK  [0m] Listening on D-Bus System Message Bus Socket.
[[0;32m  OK  [0m] Started Daily apt download activities.
cloud-init[840]: |     .oooo       |
[   35.370059] cloud-init[840]: |     .. oo       |
[   35.372761] cloud-init[840]: +----[SHA256]-----+
[[0;32m  OK  [0m] Started ACPI Events Check.
[[0;32m  OK  [0m] Reached target Paths.
[[0;32m  OK  [0m] Listening on ACPID Listen Socket.
[[0;32m  OK  [0m] Listening on UUID daemon activation socket.
[[0;32m  OK  [0m] Started Daily Cleanup of Temporary Directories.
         Starting Socket activation for snappy daemon.
[   35.389976] cloud-init[840]: Generating public/private dsa key pair.
         Starting LXD - unix socket.
[[0;32m  OK  [0m] Started Daily apt upgrade and clean activities.
[   35.433449] [[0;32m  OK  [0m] Reached target Timers.
[[0;32m  OK  [0m] Reached target Cloud-config availability.
cloud-init[840]: Your identification has been saved in /etc/ssh/ssh_host_dsa_key.
[[0;32m  OK  [0m] Started Availability of block devices.
[   35.456651] [[0;32m  OK  [0m] Listening on Socket activation for snappy daemon.
[[0;32m  OK  [0m] Listening on LXD - unix socket.
[[0;32m  OK  [0m] Reached target Sockets.
[[0;32m  OK  [0m] Reached target Basic System.
[[0;32m  OK  [0m] Started FUSE filesystem for LXC.
         Starting Permit User Sessions...
cloud-init[840]: Your public key has been saved in /etc/ssh/ssh_host_dsa_key.pub.
[   35.474233] cloud-init[840]: The key fingerprint is:
[   35.476785] cloud-init[840]: SHA256:xt82w9edUZEx9paXD5MvYJHqnfK0206RBPKMYyz4mLI root@ubuntu-bionic
[   35.480319] cloud-init[840]: The key's randomart image is:
[   35.483160] cloud-init[840]: +---[DSA 1024]----+
[   35.485618] cloud-init[840]: |          . o. =o|
[   35.504179] cloud-init[840]: |       . . =.o.o*|
[   35.506817] cloud-init[840]: |      . . =.= =o=|
[   35.509623] cloud-init[840]: |       = o.o o *+|
[   35.511784] cloud-init[840]: |    . o S. . .+.o|
[   35.513977] cloud-init[840]: |     o . .oo+  ++|
[   35.517281] cloud-init[840]: |    E     .+*.o.o|
[   35.520558] cloud-init[840]: |           .o*   |
[   35.523328] cloud-init[840]: |            .oo  |
         Starting Dispatcher daemon for systemd-networkd...
[   35.536218] cloud-init[840]: +----[SHA256]-----+
[   35.538727] cloud-init[840]: Generating public/private ecdsa key pair.
[   35.573364] cloud-init[840]: Your identification has been saved in /etc/ssh/ssh_host_ecdsa_key.
[   35.576799] cloud-init[840]: Your public key has been saved in /etc/ssh/ssh_host_ecdsa_key.pub.
[   35.580568] cloud-init[840]: The key fingerprint is:
[   35.583219] cloud-init[840]: SHA256:sJ11vsvt3J/+7vM8x4dFbha1Tx+QL59r9bWyx/dWBvo root@ubuntu-bionic
[   35.605227] cloud-init[840]: The key's randomart image is:
[   35.607553] cloud-init[840]: +---[ECDSA 256]---+
[   35.609721] cloud-init[840]: |              .  |
[   35.612061] cloud-init[840]: |             o  .|
[   35.614316] cloud-init[840]: |      .   . . o o|
[   35.616914] cloud-init[840]: |       + o o ..=o|
[   35.619063] cloud-init[840]: |      . S   ..o=*|
[   35.621288] cloud-init[840]: |            .. o%|
[   35.623306] cloud-init[840]: |            ...BB|
[   35.625514] cloud-init[840]: |           . =E@O|
[   35.627903] cloud-init[840]: |            ooX*^|
[   35.653288] cloud-init[840]: +----[SHA256]-----+
[   35.658673] cloud-init[840]: Generating public/private ed25519 key pair.
[   35.661025] cloud-init[840]: Your identification has been saved in /etc/ssh/ssh_host_ed25519_key.
[   35.663920] cloud-init[840]: Your public key has been saved in /etc/ssh/ssh_host_ed25519_key.pub.
[[   35.696218] cloud-init[840]: The key fingerprint is:
[   35.696530] cloud-init[840]: SHA256:ijBXztjcU+wDPnEAap25LyzhRB+bCeI9UTnOta5gfLI root@ubuntu-bionic
[0;32m  OK  [0m] Started Regular background program processing daemon.
[   35.696900] cloud-init[840]: The key's randomart image is:
[   35.746102] cloud-init[840]: +--[ED25519 256]--+
[   35.749122] cloud-init[[0;32m  OK  [0m] Started Deferred execution scheduler.
[840]: |      oo.        |
[   35.753092] cloud-init[840]: |     +oo.o       |
[   35.785053] cloud-init[840]: |  . *o*oo.+      |
[   35.798701] cloud-init[840]: | . = @oO.*       |
[   35.830867] cloud-init[840]: |  +.B @.S o      |
[[0;32m  OK  [0m] Started irqbalance daemon.
[   35.849492] cloud-init[840]: |   *==.o.o .     |
         Starting System Logging Service...
[   35.913895] cloud-init[840]: |   .+=+..        |
         Starting Virtualbox guest utils...
[   35.938359] cloud-init[840]: |    E...         |
[   35.952817] cloud-init[840]: |                 |
[   35.955515] cloud-init[840]: +----[SHA256]-----+
         Starting Snappy daemon...
         Starting Login Service...
         Starting LSB: automatic crash report generation...
         Starting Pollinate to seed the pseudo random number generator...
         Starting LXD - container startup/shutdown...
         Starting Accounts Service...
         Starting LSB: Record successful boot for GRUB...
[[0;32m  OK  [0m] Started D-Bus System Message Bus.
[[0;32m  OK  [0m] Started Login Service.
[[0;32m  OK  [0m] Started Unattended Upgrades Shutdown.
[[0;32m  OK  [0m] Started System Logging Service.
[[0;32m  OK  [0m] Started Permit User Sessions.
         Starting Terminate Plymouth Boot Screen...
         Starting Hold until boot process finishes up...
[[0;32m  OK  [0m] Started Hold until boot process finishes up.
         Starting Set console scheme...
[[0;32m  OK  [0m] Started Serial Getty on ttyS0.
[[0;32m  OK  [0m] Started Terminate Plymouth Boot Screen.
[[0;32m  OK  [0m] Started Dispatcher daemon for systemd-networkd.
[[0;32m  OK  [0m] Started Set console scheme.
[[0;32m  OK  [0m] Created slice system-getty.slice.
[[0;32m  OK  [0m] Started Getty on tty1.
[[0;32m  OK  [0m] Reached target Login Prompts.
         Starting Authorization Manager...
[[0;32m  OK  [0m] Started LSB: automatic crash report generation.
[[0;32m  OK  [0m] Started LSB: Record successful boot for GRUB.
[[0;32m  OK  [0m] Started Authorization Manager.
[[0;32m  OK  [0m] Started Accounts Service.
[[0;32m  OK  [0m] Started Virtualbox guest utils.
[[0;32m  OK  [0m] Started LXD - container startup/shutdown.
[[0;32m  OK  [0m] Started Snappy daemon.
         Starting Wait until snapd is fully seeded...
[[0;32m  OK  [0m] Started Pollinate to seed the pseudo random number generator.
         Starting OpenBSD Secure Shell server...
[[0;32m  OK  [0m] Started OpenBSD Secure Shell server.

Ubuntu 18.04.3 LTS ubuntu-bionic ttyS0

ubuntu-bionic login: [   50.225734] cloud-init[1545]: Cloud-init v. 19.3-41-gc4735dd3-0ubuntu1~18.04.1 running 'modules:config' at Wed, 22 Jan 2020 22:04:48 +0000. Up 46.81 seconds.
ci-info: no authorized ssh keys fingerprints found for user ubuntu.
<14>Jan 22 22:04:54 ec2: 
<14>Jan 22 22:04:54 ec2: #############################################################
<14>Jan 22 22:04:54 ec2: -----BEGIN SSH HOST KEY FINGERPRINTS-----
<14>Jan 22 22:04:54 ec2: 1024 SHA256:xt82w9edUZEx9paXD5MvYJHqnfK0206RBPKMYyz4mLI root@ubuntu-bionic (DSA)
<14>Jan 22 22:04:54 ec2: 256 SHA256:sJ11vsvt3J/+7vM8x4dFbha1Tx+QL59r9bWyx/dWBvo root@ubuntu-bionic (ECDSA)
<14>Jan 22 22:04:54 ec2: 256 SHA256:ijBXztjcU+wDPnEAap25LyzhRB+bCeI9UTnOta5gfLI root@ubuntu-bionic (ED25519)
<14>Jan 22 22:04:54 ec2: 2048 SHA256:dm2yErlVqQNvol/BlUk0AavuM5hOpSSzTMApfJQuQ58 root@ubuntu-bionic (RSA)
<14>Jan 22 22:04:54 ec2: -----END SSH HOST KEY FINGERPRINTS-----
<14>Jan 22 22:04:54 ec2: #############################################################
-----BEGIN SSH HOST KEY KEYS-----
ecdsa-sha2-nistp256 AAAAE2VjZHNhLXNoYTItbmlzdHAyNTYAAAAIbmlzdHAyNTYAAABBBImp5XmIgpasfjjbtFCR62Tgk5GYsEACZccyrWFjcnWsqfkUXIAI+MF/llJ7TypIQeRihOR83uc6Gph/MkLWG5M= root@ubuntu-bionic
ssh-ed25519 AAAAC3NzaC1lZDI1NTE5AAAAIAZC11tJebx7aDUJQTs4ujMvGrUYZugNf0elfQjrKoU6 root@ubuntu-bionic
ssh-rsa AAAAB3NzaC1yc2EAAAADAQABAAABAQDTV6vBmCPGOC4itgl5AyS0yraO/waQC7DjPBAgDxrP2ZNx6K7EiM71/KCEN4Kg51hMtjviqbnc1kFiV8sOetqJSbau/+rmT88bPRH4weTKqvJ9+Plqd7X4ikj19LK9cdzdEVNXMyPHjFuTuRA6pXPEk7bvY6JLAbYen2bYYMtq1FYIvXkkNGUl3eZniTIxyJ1kJKmMpBT1gu6ZK1+cyq90J3y0HRpGGg5U7t5JU/HaneE4x//SEmNAZxczwqOPavYs9Xrjs3o4rIb6FwqxFi3gCIkhVA/qoTa4K1Q8VrCEQsfVHprNbelyCoM3usnBkx9Ioc8FJW0O50LA8eF5JDj3 root@ubuntu-bionic
-----END SSH HOST KEY KEYS-----
[   52.607001] cloud-init[1701]: Cloud-init v. 19.3-41-gc4735dd3-0ubuntu1~18.04.1 running 'modules:final' at Wed, 22 Jan 2020 22:04:53 +0000. Up 51.15 seconds.
[   52.607141] cloud-init[1701]: ci-info: no authorized ssh keys fingerprints found for user ubuntu.
[   52.607251] cloud-init[1701]: Cloud-init v. 19.3-41-gc4735dd3-0ubuntu1~18.04.1 finished at Wed, 22 Jan 2020 22:04:54 +0000. Datasource DataSourceNoCloud [seed=/dev/sdb][dsmode=net].  Up 52.59 seconds
[[0;32m  OK  [0m] Stopped target Timers.
         Stopping User Manager for UID 1000...
[[0;32m  OK  [0m] Closed Load/Save RF Kill Switch Status /dev/rfkill Watch.
[[0;32m  OK  [0m] Stopped Discard unused blocks once a week.
[[0;32m  OK  [0m] Stopped Message of the Day.
[[0;32m  OK  [0m] Stopped target Graphical Interface.
[[0;32m  OK  [0m] Stopped Daily apt upgrade and clean activities.
[[0;32m  OK  [0m] Stopped Daily apt download activities.
         Stopping Session 5 of user vagrant.
[[0;32m  OK  [0m] Stopped target System Time Synchronized.
[[0;32m  OK  [0m] Stopped Daily Cleanup of Temporary o[[0;32m  OK  [0m] Unmounted /var/lib/lxcfs.
[[0;32m  OK  [0m] Stopped Dispatcher daemon for systemd-networkd.
[[0;32m  OK  [0m] Stopped Regular background program processing daemon.
[[0;32m  OK  [0m] Stopped Deferred execution scheduler.
[[0;32m  OK  [0m] Stopped irqbalance daemon.
[[0;32m  OK  [0m] Stopped System Logging Service.
[[0;32m  OK  [0m] Stopped Accounts Service.
[[0;32m  OK  [0m] Stopped Unattended Upgrades Shutdown.
[[0;32m  OK  [0m] Stopped Serial Getty on ttyS0.
[[0;32m  OK  [0m] Stopped Getty on tty1.
[[0;32m  OK  [0m] Stopped Authorization Manager.
[[0;32m  OK  [0m] Stopped OpenBSD Secure Shell server.
[[0;32m  OK  [0m] Stopped User Manager for UID 1000.
[[0;32m  OK  [0m] Stopped Availability of block devices.
[[0;32m  OK  [0m] Stopped The Apache HTTP Server.
[[0;32m  OK  [0m] Stopped D-Bus System Message Bus.
[[0;32m  OK  [0m] Stopped FUSE filesystem for LXC.
[[0;32m  OK  [0m] Stopped Session 5 of user vagrant.
[[0;32m  OK  [0m] Stopped LXD - container startup/shutdown.
[[0;32m  OK  [0m] Stopped LSB: Record successful boot for GRUB.
[[0;32m  OK  [0m] Stopped target Host and Network Name Lookups.
[[0;32m  OK  [0m] Removed slice User Slice of vagrant.
[[0;32m  OK  [0m] Removed slice system-getty.slice.
         Stopping Permit User Sessions...
[[0;32m  OK  [0m] Removed slice system-serial\x2dgetty.slice.
         Stopping Login Service...
[[0;32m  OK  [0m] Stopped Permit User Sessions.
[[0;32m  OK  [0m] Stopped target Network.
         Stopping Network Name Resolution...
[[0;32m  OK  [0m] Stopped Network Name Resolution.
[[0;32m  OK  [0m] Stopped LSB: automatic crash report generation.
[[0;32m  OK  [0m] Stopped Virtualbox guest utils.
[[0;32m  OK  [0m] Stopped target Remote File Systems.
[[0;32m  OK  [0m] Stopped target Remote File Systems (Pre).
[[0;32m  OK  [0m] Stopped Login Service.
[[0;32m  OK  [0m] Stopped target Basic System.
[[0;32m  OK  [0m] Stopped target Slices.
[[0;32m  OK  [0m] Stopped target Sockets.
[[0;32m  OK  [0m] Closed Socket activation for snappy daemon.
[[0;32m  OK  [0m] Closed UUID daemon activation socket.
[[0;32m  OK  [0m] Closed ACPID Listen Socket.
[[0;32m  OK  [0m] Closed Open-iSCSI iscsid Socket.
[[0;32m  OK  [0m] Closed Syslog Socket.
[[0;32m  OK  [0m] Closed LXD - unix socket.
[[0;32m  OK  [0m] Stopped target Paths.
[[0;32m  OK  [0m] Stopped ACPI Events Check.
[[0;32m  OK  [0m] Removed slice User and Session Slice.
[[0;32m  OK  [0m] Stopped target User and Group Name Lookups.
[[0;32m  OK  [0m] Closed D-Bus System Message Bus Socket.
[[0;32m  OK  [0m] Stopped target System Initialization.
[[0;32m  OK  [0m] Stopped target Local Encrypted Volumes.
[[0;32m  OK  [0m] Stopped Forward Password Requests to Wall Directory Watch.
[[0;32m  OK  [0m] Stopped Dispatch Password Requests to Console Directory Watch.
[[0;32m  OK  [0m] Stopped Commit a transient machine-id on disk.
         Stopping Load/Save Random Seed...
         Stopping Update UTMP about System Boot/Shutdown...
[[0;32m  OK  [0m] Stopped Initial cloud-init job (metadata service crawler).
[[0;32m  OK  [0m] Stopped Wait for Network to be Configured.
         Stopping Network Service...
[[0;32m  OK  [0m] Stopped Load/Save Random Seed.
[[0;32m  OK  [0m] Stopped Update UTMP about System Boot/Shutdown.
[[0;32m  OK  [0m] Stopped Network Service.
[[0;32m  OK  [0m] Stopped Apply Kernel Variables.
[[0;32m  OK  [0m] Stopped Load Kernel Modules.
[[0;32m  OK  [0m] Stopped target Network (Pre).
[[0;32m  OK  [0m] Stopped Initial cloud-init job (pre-networking).
[[0;32m  OK  [0m] Stopped Create Volatile Files and Directories.
[[0;32m  OK  [0m] Stopped target Local File Systems.
         Unmounting /vagrant...
         Unmounting /run/user/1000...
[[0;32m  OK  [0m] Unmounted /run/user/1000.
[[0;32m  OK  [0m] Unmounted /vagrant.
[[0;32m  OK  [0m] Reached target Unmount All Filesystems.
[[0;32m  OK  [0m] Stopped target Local File Systems (Pre).
[[0;32m  OK  [0m] Stopped Remount Root and Kernel File Systems.
         Stopping Monitoring of LVM2 mirrors…ng dmeventd or progress polling...
[[0;32m  OK  [0m] Stopped Create Static Device Nodes in /dev.
[[0;32m  OK  [0m] Stopped target Swap.
[[0;32m  OK  [0m] Reached target Shutdown.
[[0;32m  OK  [0m] Reached target Final Step.
         Starting Power-Off...
[[0;32m  OK  [0m] Stopped Monitoring of LVM2 mirrors,…sing dmeventd or progress polling.
         Stopping LVM2 metadata daemon...
[[0;32m  OK  [0m] Stopped LVM2 metadata daemon.
[  168.621173] reboot: Power down
